This file contains any messages produced by compilers while
running configure, to aid debugging if configure makes a mistake.

It was created by ags configure 0.4.0-beta, which was
generated by GNU Autoconf 2.69.  Invocation command line was

  $ ./configure --no-create --no-recursion

## --------- ##
## Platform. ##
## --------- ##

hostname = Device-03036C
uname -m = x86_64
uname -r = 3.2.0-4-rt-amd64
uname -s = Linux
uname -v = #1 SMP PREEMPT RT Debian 3.2.60-1+deb7u3

/usr/bin/uname -p = unknown
/bin/uname -X     = unknown

/bin/arch              = unknown
/usr/bin/arch -k       = unknown
/usr/convex/getsysinfo = unknown
/usr/bin/hostinfo      = unknown
/bin/machine           = unknown
/usr/bin/oslevel       = unknown
/bin/universe          = unknown

PATH: /usr/local/bin
PATH: /usr/bin
PATH: /bin
PATH: /usr/local/games
PATH: /usr/games


## ----------- ##
## Core tests. ##
## ----------- ##

configure:2267: checking for a BSD-compatible install
configure:2335: result: /usr/bin/install -c
configure:2346: checking whether build environment is sane
configure:2396: result: yes
configure:2537: checking for a thread-safe mkdir -p
configure:2576: result: /bin/mkdir -p
configure:2589: checking for gawk
configure:2619: result: no
configure:2589: checking for mawk
configure:2605: found /usr/bin/mawk
configure:2616: result: mawk
configure:2627: checking whether make sets $(MAKE)
configure:2649: result: yes
configure:2782: checking for gcc
configure:2798: found /usr/bin/gcc
configure:2809: result: gcc
configure:3038: checking for C compiler version
configure:3047: gcc --version >&5
gcc (Debian 4.7.2-5) 4.7.2
Copyright (C) 2012 Free Software Foundation, Inc.
This is free software; see the source for copying conditions.  There is NO
warranty; not even for MERCHANTABILITY or FITNESS FOR A PARTICULAR PURPOSE.

configure:3058: $? = 0
configure:3047: gcc -v >&5
Using built-in specs.
COLLECT_GCC=gcc
COLLECT_LTO_WRAPPER=/usr/lib/gcc/x86_64-linux-gnu/4.7/lto-wrapper
Target: x86_64-linux-gnu
Configured with: ../src/configure -v --with-pkgversion='Debian 4.7.2-5' --with-bugurl=file:///usr/share/doc/gcc-4.7/README.Bugs --enable-languages=c,c++,go,fortran,objc,obj-c++ --prefix=/usr --program-suffix=-4.7 --enable-shared --enable-linker-build-id --with-system-zlib --libexecdir=/usr/lib --without-included-gettext --enable-threads=posix --with-gxx-include-dir=/usr/include/c++/4.7 --libdir=/usr/lib --enable-nls --with-sysroot=/ --enable-clocale=gnu --enable-libstdcxx-debug --enable-libstdcxx-time=yes --enable-gnu-unique-object --enable-plugin --enable-objc-gc --with-arch-32=i586 --with-tune=generic --enable-checking=release --build=x86_64-linux-gnu --host=x86_64-linux-gnu --target=x86_64-linux-gnu
Thread model: posix
gcc version 4.7.2 (Debian 4.7.2-5) 
configure:3058: $? = 0
configure:3047: gcc -V >&5
gcc: error: unrecognized command line option '-V'
gcc: fatal error: no input files
compilation terminated.
configure:3058: $? = 4
configure:3047: gcc -qversion >&5
gcc: error: unrecognized command line option '-qversion'
gcc: fatal error: no input files
compilation terminated.
configure:3058: $? = 4
configure:3078: checking whether the C compiler works
configure:3100: gcc    conftest.c  >&5
configure:3104: $? = 0
configure:3152: result: yes
configure:3155: checking for C compiler default output file name
configure:3157: result: a.out
configure:3163: checking for suffix of executables
configure:3170: gcc -o conftest    conftest.c  >&5
configure:3174: $? = 0
configure:3196: result: 
configure:3218: checking whether we are cross compiling
configure:3226: gcc -o conftest    conftest.c  >&5
configure:3230: $? = 0
configure:3237: ./conftest
configure:3241: $? = 0
configure:3256: result: no
configure:3261: checking for suffix of object files
configure:3283: gcc -c   conftest.c >&5
configure:3287: $? = 0
configure:3308: result: o
configure:3312: checking whether we are using the GNU C compiler
configure:3331: gcc -c   conftest.c >&5
configure:3331: $? = 0
configure:3340: result: yes
configure:3349: checking whether gcc accepts -g
configure:3369: gcc -c -g  conftest.c >&5
configure:3369: $? = 0
configure:3410: result: yes
configure:3427: checking for gcc option to accept ISO C89
configure:3490: gcc  -c -g -O2  conftest.c >&5
configure:3490: $? = 0
configure:3503: result: none needed
configure:3534: checking for style of include used by make
configure:3562: result: GNU
configure:3588: checking dependency style of gcc
configure:3699: result: gcc3
configure:3757: checking for ranlib
configure:3773: found /usr/bin/ranlib
configure:3784: result: ranlib
configure:3827: checking for main in -ldl
configure:3846: gcc -o conftest -g -O2   conftest.c -ldl   >&5
configure:3846: $? = 0
configure:3855: result: yes
configure:3867: checking for main in -lfontconfig
configure:3886: gcc -o conftest -g -O2   conftest.c -lfontconfig  -ldl  >&5
configure:3886: $? = 0
configure:3895: result: yes
configure:3907: checking for main in -lfreetype
configure:3926: gcc -o conftest -g -O2   conftest.c -lfreetype  -lfontconfig -ldl  >&5
configure:3926: $? = 0
configure:3935: result: yes
configure:3947: checking for main in -lm
configure:3966: gcc -o conftest -g -O2   conftest.c -lm  -lfreetype -lfontconfig -ldl  >&5
configure:3966: $? = 0
configure:3975: result: yes
configure:3987: checking for main in -lrt
configure:4006: gcc -o conftest -g -O2   conftest.c -lrt  -lm -lfreetype -lfontconfig -ldl  >&5
configure:4006: $? = 0
configure:4015: result: yes
configure:4027: checking for pthread_suspend in -lpthread
configure:4052: gcc -o conftest -g -O2   conftest.c -lpthread  -lrt -lm -lfreetype -lfontconfig -ldl  >&5
/tmp/ccys6UDY.o: In function `main':
/home/joel/tmp/ags-0_4_1/conftest.c:27: undefined reference to `pthread_suspend'
collect2: error: ld returned 1 exit status
configure:4052: $? = 1
configure: failed program was:
| /* confdefs.h */
| #define PACKAGE_NAME "ags"
| #define PACKAGE_TARNAME "ags"
| #define PACKAGE_VERSION "0.4.0-beta"
| #define PACKAGE_STRING "ags 0.4.0-beta"
| #define PACKAGE_BUGREPORT "weedlight@gmail.com"
| #define PACKAGE_URL ""
| #define PACKAGE "ags"
| #define VERSION "0.3.99-SNAPSHOT"
| #define HAVE_LIBDL 1
| #define HAVE_LIBFONTCONFIG 1
| #define HAVE_LIBFREETYPE 1
| #define HAVE_LIBM 1
| #define HAVE_LIBRT 1
| /* end confdefs.h.  */
| 
| /* Override any GCC internal prototype to avoid an error.
|    Use char because int might match the return type of a GCC
|    builtin and then its argument prototype would still apply.  */
| #ifdef __cplusplus
| extern "C"
| #endif
| char pthread_suspend ();
| int
| main ()
| {
| return pthread_suspend ();
|   ;
|   return 0;
| }
configure:4061: result: no
configure:4128: checking for pkg-config
configure:4146: found /usr/bin/pkg-config
configure:4158: result: /usr/bin/pkg-config
configure:4183: checking pkg-config is at least version 0.9.0
configure:4186: result: yes
configure:4196: checking for UUID
configure:4203: $PKG_CONFIG --exists --print-errors "uuid >= 1.0.2"
configure:4206: $? = 0
configure:4220: $PKG_CONFIG --exists --print-errors "uuid >= 1.0.2"
configure:4223: $? = 0
configure:4281: result: yes
configure:4290: checking for LIBAO
configure:4297: $PKG_CONFIG --exists --print-errors "ao >= 1.1.0"
configure:4300: $? = 0
configure:4314: $PKG_CONFIG --exists --print-errors "ao >= 1.1.0"
configure:4317: $? = 0
configure:4375: result: yes
configure:4384: checking for LIBASOUND2
configure:4391: $PKG_CONFIG --exists --print-errors "alsa >= 1.0.25"
configure:4394: $? = 0
configure:4408: $PKG_CONFIG --exists --print-errors "alsa >= 1.0.25"
configure:4411: $? = 0
configure:4469: result: yes
configure:4478: checking for LIBXML2
configure:4485: $PKG_CONFIG --exists --print-errors "libxml-2.0 >= 2.8.0"
configure:4488: $? = 0
configure:4502: $PKG_CONFIG --exists --print-errors "libxml-2.0 >= 2.8.0"
configure:4505: $? = 0
configure:4563: result: yes
configure:4572: checking for SNDFILE
configure:4579: $PKG_CONFIG --exists --print-errors "sndfile >= 1.0.25"
configure:4582: $? = 0
configure:4596: $PKG_CONFIG --exists --print-errors "sndfile >= 1.0.25"
configure:4599: $? = 0
configure:4657: result: yes
configure:4666: checking for LIBINSTPATCH
configure:4673: $PKG_CONFIG --exists --print-errors "libinstpatch-1.0 >= 1.0"
configure:4676: $? = 0
configure:4690: $PKG_CONFIG --exists --print-errors "libinstpatch-1.0 >= 1.0"
configure:4693: $? = 0
configure:4751: result: yes
configure:4760: checking for GOBJECT
configure:4767: $PKG_CONFIG --exists --print-errors "gobject-2.0 >= 2.32.3 glib-2.0 >= 2.32.3 gmodule-2.0 >= 2.32.3 gthread-2.0 >= 2.32.3"
configure:4770: $? = 0
configure:4784: $PKG_CONFIG --exists --print-errors "gobject-2.0 >= 2.32.3 glib-2.0 >= 2.32.3 gmodule-2.0 >= 2.32.3 gthread-2.0 >= 2.32.3"
configure:4787: $? = 0
configure:4845: result: yes
configure:4854: checking for GDKPIXBUF
configure:4861: $PKG_CONFIG --exists --print-errors "gdk-pixbuf-2.0 >= 2.26.1"
configure:4864: $? = 0
configure:4878: $PKG_CONFIG --exists --print-errors "gdk-pixbuf-2.0 >= 2.26.1"
configure:4881: $? = 0
configure:4939: result: yes
configure:4948: checking for CAIRO
configure:4955: $PKG_CONFIG --exists --print-errors "cairo >= 1.12.0"
configure:4958: $? = 0
configure:4972: $PKG_CONFIG --exists --print-errors "cairo >= 1.12.0"
configure:4975: $? = 0
configure:5033: result: yes
configure:5042: checking for GTK
configure:5049: $PKG_CONFIG --exists --print-errors "gtk+-2.0 >= 2.24.10"
configure:5052: $? = 0
configure:5066: $PKG_CONFIG --exists --print-errors "gtk+-2.0 >= 2.24.10"
configure:5069: $? = 0
configure:5127: result: yes
configure:5156: checking how to run the C preprocessor
configure:5187: gcc -E  conftest.c
configure:5187: $? = 0
configure:5201: gcc -E  conftest.c
conftest.c:17:28: fatal error: ac_nonexistent.h: No such file or directory
compilation terminated.
configure:5201: $? = 1
configure: failed program was:
| /* confdefs.h */
| #define PACKAGE_NAME "ags"
| #define PACKAGE_TARNAME "ags"
| #define PACKAGE_VERSION "0.4.0-beta"
| #define PACKAGE_STRING "ags 0.4.0-beta"
| #define PACKAGE_BUGREPORT "weedlight@gmail.com"
| #define PACKAGE_URL ""
| #define PACKAGE "ags"
| #define VERSION "0.3.99-SNAPSHOT"
| #define HAVE_LIBDL 1
| #define HAVE_LIBFONTCONFIG 1
| #define HAVE_LIBFREETYPE 1
| #define HAVE_LIBM 1
| #define HAVE_LIBRT 1
| #define AGS_LINUX_SIGNALS 1
| /* end confdefs.h.  */
| #include <ac_nonexistent.h>
configure:5226: result: gcc -E
configure:5246: gcc -E  conftest.c
configure:5246: $? = 0
configure:5260: gcc -E  conftest.c
conftest.c:17:28: fatal error: ac_nonexistent.h: No such file or directory
compilation terminated.
configure:5260: $? = 1
configure: failed program was:
| /* confdefs.h */
| #define PACKAGE_NAME "ags"
| #define PACKAGE_TARNAME "ags"
| #define PACKAGE_VERSION "0.4.0-beta"
| #define PACKAGE_STRING "ags 0.4.0-beta"
| #define PACKAGE_BUGREPORT "weedlight@gmail.com"
| #define PACKAGE_URL ""
| #define PACKAGE "ags"
| #define VERSION "0.3.99-SNAPSHOT"
| #define HAVE_LIBDL 1
| #define HAVE_LIBFONTCONFIG 1
| #define HAVE_LIBFREETYPE 1
| #define HAVE_LIBM 1
| #define HAVE_LIBRT 1
| #define AGS_LINUX_SIGNALS 1
| /* end confdefs.h.  */
| #include <ac_nonexistent.h>
configure:5289: checking for grep that handles long lines and -e
configure:5347: result: /bin/grep
configure:5352: checking for egrep
configure:5414: result: /bin/grep -E
configure:5419: checking for ANSI C header files
configure:5439: gcc -c -g -O2  conftest.c >&5
configure:5439: $? = 0
configure:5512: gcc -o conftest -g -O2   conftest.c -lrt -lm -lfreetype -lfontconfig -ldl  >&5
configure:5512: $? = 0
configure:5512: ./conftest
configure:5512: $? = 0
configure:5523: result: yes
configure:5536: checking for sys/types.h
configure:5536: gcc -c -g -O2  conftest.c >&5
configure:5536: $? = 0
configure:5536: result: yes
configure:5536: checking for sys/stat.h
configure:5536: gcc -c -g -O2  conftest.c >&5
configure:5536: $? = 0
configure:5536: result: yes
configure:5536: checking for stdlib.h
configure:5536: gcc -c -g -O2  conftest.c >&5
configure:5536: $? = 0
configure:5536: result: yes
configure:5536: checking for string.h
configure:5536: gcc -c -g -O2  conftest.c >&5
configure:5536: $? = 0
configure:5536: result: yes
configure:5536: checking for memory.h
configure:5536: gcc -c -g -O2  conftest.c >&5
configure:5536: $? = 0
configure:5536: result: yes
configure:5536: checking for strings.h
configure:5536: gcc -c -g -O2  conftest.c >&5
configure:5536: $? = 0
configure:5536: result: yes
configure:5536: checking for inttypes.h
configure:5536: gcc -c -g -O2  conftest.c >&5
configure:5536: $? = 0
configure:5536: result: yes
configure:5536: checking for stdint.h
configure:5536: gcc -c -g -O2  conftest.c >&5
configure:5536: $? = 0
configure:5536: result: yes
configure:5536: checking for unistd.h
configure:5536: gcc -c -g -O2  conftest.c >&5
configure:5536: $? = 0
configure:5536: result: yes
configure:5551: checking fcntl.h usability
configure:5551: gcc -c -g -O2  conftest.c >&5
configure:5551: $? = 0
configure:5551: result: yes
configure:5551: checking fcntl.h presence
configure:5551: gcc -E  conftest.c
configure:5551: $? = 0
configure:5551: result: yes
configure:5551: checking for fcntl.h
configure:5551: result: yes
configure:5551: checking for stdlib.h
configure:5551: result: yes
configure:5551: checking for string.h
configure:5551: result: yes
configure:5551: checking sys/ioctl.h usability
configure:5551: gcc -c -g -O2  conftest.c >&5
configure:5551: $? = 0
configure:5551: result: yes
configure:5551: checking sys/ioctl.h presence
configure:5551: gcc -E  conftest.c
configure:5551: $? = 0
configure:5551: result: yes
configure:5551: checking for sys/ioctl.h
configure:5551: result: yes
configure:5551: checking for unistd.h
configure:5551: result: yes
configure:5567: checking for stdlib.h
configure:5567: result: yes
configure:5577: checking for GNU libc compatible malloc
configure:5601: gcc -o conftest -g -O2   conftest.c -lrt -lm -lfreetype -lfontconfig -ldl  >&5
configure:5601: $? = 0
configure:5601: ./conftest
configure:5601: $? = 0
configure:5611: result: yes
configure:5634: checking for stdlib.h
configure:5634: result: yes
configure:5644: checking for GNU libc compatible realloc
configure:5668: gcc -o conftest -g -O2   conftest.c -lrt -lm -lfreetype -lfontconfig -ldl  >&5
configure:5668: $? = 0
configure:5668: ./conftest
configure:5668: $? = 0
configure:5678: result: yes
configure:5702: checking for clock_gettime
configure:5702: gcc -o conftest -g -O2   conftest.c -lrt -lm -lfreetype -lfontconfig -ldl  >&5
configure:5702: $? = 0
configure:5702: result: yes
configure:5702: checking for floor
configure:5702: gcc -o conftest -g -O2   conftest.c -lrt -lm -lfreetype -lfontconfig -ldl  >&5
conftest.c:60:6: warning: conflicting types for built-in function 'floor' [enabled by default]
configure:5702: $? = 0
configure:5702: result: yes
configure:5702: checking for memset
configure:5702: gcc -o conftest -g -O2   conftest.c -lrt -lm -lfreetype -lfontconfig -ldl  >&5
conftest.c:61:6: warning: conflicting types for built-in function 'memset' [enabled by default]
configure:5702: $? = 0
configure:5702: result: yes
configure:5702: checking for strtol
configure:5702: gcc -o conftest -g -O2   conftest.c -lrt -lm -lfreetype -lfontconfig -ldl  >&5
configure:5702: $? = 0
configure:5702: result: yes
configure:5702: checking for strtoul
configure:5702: gcc -o conftest -g -O2   conftest.c -lrt -lm -lfreetype -lfontconfig -ldl  >&5
configure:5702: $? = 0
configure:5702: result: yes
configure:5848: creating ./config.status

## ---------------- ##
## Cache variables. ##
## ---------------- ##

ac_cv_c_compiler_gnu=yes
ac_cv_env_CAIRO_CFLAGS_set=
ac_cv_env_CAIRO_CFLAGS_value=
ac_cv_env_CAIRO_LIBS_set=
ac_cv_env_CAIRO_LIBS_value=
ac_cv_env_CC_set=
ac_cv_env_CC_value=
ac_cv_env_CFLAGS_set=
ac_cv_env_CFLAGS_value=
ac_cv_env_CPPFLAGS_set=
ac_cv_env_CPPFLAGS_value=
ac_cv_env_CPP_set=
ac_cv_env_CPP_value=
ac_cv_env_GDKPIXBUF_CFLAGS_set=
ac_cv_env_GDKPIXBUF_CFLAGS_value=
ac_cv_env_GDKPIXBUF_LIBS_set=
ac_cv_env_GDKPIXBUF_LIBS_value=
ac_cv_env_GOBJECT_CFLAGS_set=
ac_cv_env_GOBJECT_CFLAGS_value=
ac_cv_env_GOBJECT_LIBS_set=
ac_cv_env_GOBJECT_LIBS_value=
ac_cv_env_GTK_CFLAGS_set=
ac_cv_env_GTK_CFLAGS_value=
ac_cv_env_GTK_LIBS_set=
ac_cv_env_GTK_LIBS_value=
ac_cv_env_LDFLAGS_set=
ac_cv_env_LDFLAGS_value=
ac_cv_env_LIBAO_CFLAGS_set=
ac_cv_env_LIBAO_CFLAGS_value=
ac_cv_env_LIBAO_LIBS_set=
ac_cv_env_LIBAO_LIBS_value=
ac_cv_env_LIBASOUND2_CFLAGS_set=
ac_cv_env_LIBASOUND2_CFLAGS_value=
ac_cv_env_LIBASOUND2_LIBS_set=
ac_cv_env_LIBASOUND2_LIBS_value=
ac_cv_env_LIBINSTPATCH_CFLAGS_set=
ac_cv_env_LIBINSTPATCH_CFLAGS_value=
ac_cv_env_LIBINSTPATCH_LIBS_set=
ac_cv_env_LIBINSTPATCH_LIBS_value=
ac_cv_env_LIBS_set=
ac_cv_env_LIBS_value=
ac_cv_env_LIBXML2_CFLAGS_set=
ac_cv_env_LIBXML2_CFLAGS_value=
ac_cv_env_LIBXML2_LIBS_set=
ac_cv_env_LIBXML2_LIBS_value=
ac_cv_env_PKG_CONFIG_LIBDIR_set=
ac_cv_env_PKG_CONFIG_LIBDIR_value=
ac_cv_env_PKG_CONFIG_PATH_set=
ac_cv_env_PKG_CONFIG_PATH_value=
ac_cv_env_PKG_CONFIG_set=
ac_cv_env_PKG_CONFIG_value=
ac_cv_env_SNDFILE_CFLAGS_set=
ac_cv_env_SNDFILE_CFLAGS_value=
ac_cv_env_SNDFILE_LIBS_set=
ac_cv_env_SNDFILE_LIBS_value=
ac_cv_env_UUID_CFLAGS_set=
ac_cv_env_UUID_CFLAGS_value=
ac_cv_env_UUID_LIBS_set=
ac_cv_env_UUID_LIBS_value=
ac_cv_env_build_alias_set=
ac_cv_env_build_alias_value=
ac_cv_env_host_alias_set=
ac_cv_env_host_alias_value=
ac_cv_env_target_alias_set=
ac_cv_env_target_alias_value=
ac_cv_func_clock_gettime=yes
ac_cv_func_floor=yes
ac_cv_func_malloc_0_nonnull=yes
ac_cv_func_memset=yes
ac_cv_func_realloc_0_nonnull=yes
ac_cv_func_strtol=yes
ac_cv_func_strtoul=yes
ac_cv_header_fcntl_h=yes
ac_cv_header_inttypes_h=yes
ac_cv_header_memory_h=yes
ac_cv_header_stdc=yes
ac_cv_header_stdint_h=yes
ac_cv_header_stdlib_h=yes
ac_cv_header_string_h=yes
ac_cv_header_strings_h=yes
ac_cv_header_sys_ioctl_h=yes
ac_cv_header_sys_stat_h=yes
ac_cv_header_sys_types_h=yes
ac_cv_header_unistd_h=yes
ac_cv_lib_dl_main=yes
ac_cv_lib_fontconfig_main=yes
ac_cv_lib_freetype_main=yes
ac_cv_lib_m_main=yes
ac_cv_lib_pthread_pthread_suspend=no
ac_cv_lib_rt_main=yes
ac_cv_objext=o
ac_cv_path_EGREP='/bin/grep -E'
ac_cv_path_GREP=/bin/grep
ac_cv_path_ac_pt_PKG_CONFIG=/usr/bin/pkg-config
ac_cv_path_install='/usr/bin/install -c'
ac_cv_path_mkdir=/bin/mkdir
ac_cv_prog_AWK=mawk
ac_cv_prog_CPP='gcc -E'
ac_cv_prog_ac_ct_CC=gcc
ac_cv_prog_ac_ct_RANLIB=ranlib
ac_cv_prog_cc_c89=
ac_cv_prog_cc_g=yes
ac_cv_prog_make_make_set=yes
am_cv_CC_dependencies_compiler_type=gcc3
pkg_cv_CAIRO_CFLAGS='-I/usr/include/cairo -I/usr/include/glib-2.0 -I/usr/lib/x86_64-linux-gnu/glib-2.0/include -I/usr/include/pixman-1 -I/usr/include/freetype2 -I/usr/include/libpng12  '
pkg_cv_CAIRO_LIBS='-lcairo  '
pkg_cv_GDKPIXBUF_CFLAGS='-pthread -I/usr/include/gdk-pixbuf-2.0 -I/usr/include/libpng12 -I/usr/include/glib-2.0 -I/usr/lib/x86_64-linux-gnu/glib-2.0/include  '
pkg_cv_GDKPIXBUF_LIBS='-lgdk_pixbuf-2.0 -lgobject-2.0 -lglib-2.0  '
pkg_cv_GOBJECT_CFLAGS='-pthread -I/usr/include/glib-2.0 -I/usr/lib/x86_64-linux-gnu/glib-2.0/include  '
pkg_cv_GOBJECT_LIBS='-Wl,--export-dynamic -pthread -lgobject-2.0 -lgmodule-2.0 -lgthread-2.0 -lrt -lglib-2.0  '
pkg_cv_GTK_CFLAGS='-pthread -I/usr/include/gtk-2.0 -I/usr/lib/x86_64-linux-gnu/gtk-2.0/include -I/usr/include/atk-1.0 -I/usr/include/cairo -I/usr/include/gdk-pixbuf-2.0 -I/usr/include/pango-1.0 -I/usr/include/gio-unix-2.0/ -I/usr/include/glib-2.0 -I/usr/lib/x86_64-linux-gnu/glib-2.0/include -I/usr/include/pixman-1 -I/usr/include/freetype2 -I/usr/include/libpng12  '
pkg_cv_GTK_LIBS='-lgtk-x11-2.0 -lgdk-x11-2.0 -latk-1.0 -lgio-2.0 -lpangoft2-1.0 -lpangocairo-1.0 -lgdk_pixbuf-2.0 -lcairo -lpango-1.0 -lfreetype -lfontconfig -lgobject-2.0 -lglib-2.0  '
pkg_cv_LIBAO_CFLAGS=' '
pkg_cv_LIBAO_LIBS='-lao  '
pkg_cv_LIBASOUND2_CFLAGS='-I/usr/include/alsa  '
pkg_cv_LIBASOUND2_LIBS='-lasound  '
pkg_cv_LIBINSTPATCH_CFLAGS='-I/usr/include/libinstpatch-1.0 -I/usr/include/glib-2.0 -I/usr/lib/x86_64-linux-gnu/glib-2.0/include  '
pkg_cv_LIBINSTPATCH_LIBS='-linstpatch-1.0 -lgobject-2.0 -lsndfile -lglib-2.0  '
pkg_cv_LIBXML2_CFLAGS='-I/usr/include/libxml2  '
pkg_cv_LIBXML2_LIBS='-lxml2  '
pkg_cv_SNDFILE_CFLAGS=' '
pkg_cv_SNDFILE_LIBS='-lsndfile  '
pkg_cv_UUID_CFLAGS='-I/usr/include/uuid  '
pkg_cv_UUID_LIBS='-luuid  '

## ----------------- ##
## Output variables. ##
## ----------------- ##

ACLOCAL='${SHELL} /home/joel/tmp/ags-0_4_1/missing --run aclocal-1.11'
AMDEPBACKSLASH='\'
AMDEP_FALSE='#'
AMDEP_TRUE=''
AMTAR='$${TAR-tar}'
AUTOCONF='${SHELL} /home/joel/tmp/ags-0_4_1/missing --run autoconf'
AUTOHEADER='${SHELL} /home/joel/tmp/ags-0_4_1/missing --run autoheader'
AUTOMAKE='${SHELL} /home/joel/tmp/ags-0_4_1/missing --run automake-1.11'
AWK='mawk'
CAIRO_CFLAGS='-I/usr/include/cairo -I/usr/include/glib-2.0 -I/usr/lib/x86_64-linux-gnu/glib-2.0/include -I/usr/include/pixman-1 -I/usr/include/freetype2 -I/usr/include/libpng12  '
CAIRO_LIBS='-lcairo  '
CC='gcc'
CCDEPMODE='depmode=gcc3'
CFLAGS='-g -O2'
CPP='gcc -E'
CPPFLAGS=''
CYGPATH_W='echo'
DEFS='-DHAVE_CONFIG_H'
DEPDIR='.deps'
ECHO_C=''
ECHO_N='-n'
ECHO_T=''
EGREP='/bin/grep -E'
ENABLE_GTK_DOC_FALSE=''
ENABLE_GTK_DOC_TRUE='#'
EXEEXT=''
GDKPIXBUF_CFLAGS='-pthread -I/usr/include/gdk-pixbuf-2.0 -I/usr/include/libpng12 -I/usr/include/glib-2.0 -I/usr/lib/x86_64-linux-gnu/glib-2.0/include  '
GDKPIXBUF_LIBS='-lgdk_pixbuf-2.0 -lgobject-2.0 -lglib-2.0  '
GOBJECT_CFLAGS='-pthread -I/usr/include/glib-2.0 -I/usr/lib/x86_64-linux-gnu/glib-2.0/include  '
GOBJECT_LIBS='-Wl,--export-dynamic -pthread -lgobject-2.0 -lgmodule-2.0 -lgthread-2.0 -lrt -lglib-2.0  '
GREP='/bin/grep'
GTK_CFLAGS='-pthread -I/usr/include/gtk-2.0 -I/usr/lib/x86_64-linux-gnu/gtk-2.0/include -I/usr/include/atk-1.0 -I/usr/include/cairo -I/usr/include/gdk-pixbuf-2.0 -I/usr/include/pango-1.0 -I/usr/include/gio-unix-2.0/ -I/usr/include/glib-2.0 -I/usr/lib/x86_64-linux-gnu/glib-2.0/include -I/usr/include/pixman-1 -I/usr/include/freetype2 -I/usr/include/libpng12  '
GTK_LIBS='-lgtk-x11-2.0 -lgdk-x11-2.0 -latk-1.0 -lgio-2.0 -lpangoft2-1.0 -lpangocairo-1.0 -lgdk_pixbuf-2.0 -lcairo -lpango-1.0 -lfreetype -lfontconfig -lgobject-2.0 -lglib-2.0  '
INSTALL_DATA='${INSTALL} -m 644'
INSTALL_PROGRAM='${INSTALL}'
INSTALL_SCRIPT='${INSTALL}'
INSTALL_STRIP_PROGRAM='$(install_sh) -c -s'
LDFLAGS=''
LIBAO_CFLAGS=' '
LIBAO_LIBS='-lao  '
LIBASOUND2_CFLAGS='-I/usr/include/alsa  '
LIBASOUND2_LIBS='-lasound  '
LIBINSTPATCH_CFLAGS='-I/usr/include/libinstpatch-1.0 -I/usr/include/glib-2.0 -I/usr/lib/x86_64-linux-gnu/glib-2.0/include  '
LIBINSTPATCH_LIBS='-linstpatch-1.0 -lgobject-2.0 -lsndfile -lglib-2.0  '
LIBOBJS=''
LIBS='-lrt -lm -lfreetype -lfontconfig -ldl '
LIBXML2_CFLAGS='-I/usr/include/libxml2  '
LIBXML2_LIBS='-lxml2  '
LTLIBOBJS=''
MAKEINFO='${SHELL} /home/joel/tmp/ags-0_4_1/missing --run makeinfo'
MKDIR_P='/bin/mkdir -p'
OBJEXT='o'
PACKAGE='ags'
PACKAGE_BUGREPORT='weedlight@gmail.com'
PACKAGE_NAME='ags'
PACKAGE_STRING='ags 0.4.0-beta'
PACKAGE_TARNAME='ags'
PACKAGE_URL=''
PACKAGE_VERSION='0.4.0-beta'
PATH_SEPARATOR=':'
PKG_CONFIG='/usr/bin/pkg-config'
PKG_CONFIG_LIBDIR=''
PKG_CONFIG_PATH=''
RANLIB='ranlib'
SET_MAKE=''
SHELL='/bin/bash'
SNDFILE_CFLAGS=' '
SNDFILE_LIBS='-lsndfile  '
STRIP=''
UUID_CFLAGS='-I/usr/include/uuid  '
UUID_LIBS='-luuid  '
VERSION='0.3.99-SNAPSHOT'
ac_ct_CC='gcc'
am__EXEEXT_FALSE=''
am__EXEEXT_TRUE='#'
am__fastdepCC_FALSE='#'
am__fastdepCC_TRUE=''
am__include='include'
am__isrc=''
am__leading_dot='.'
am__nodep='_no'
am__quote=''
am__tar='$${TAR-tar} chof - "$$tardir"'
am__untar='$${TAR-tar} xf -'
bindir='${exec_prefix}/bin'
build_alias=''
datadir='${datarootdir}'
datarootdir='${prefix}/share'
docdir='${datarootdir}/doc/${PACKAGE_TARNAME}'
dvidir='${docdir}'
exec_prefix='${prefix}'
host_alias=''
htmldir='${docdir}'
includedir='${prefix}/include'
infodir='${datarootdir}/info'
install_sh='${SHELL} /home/joel/tmp/ags-0_4_1/install-sh'
libdir='${exec_prefix}/lib'
libexecdir='${exec_prefix}/libexec'
localedir='${datarootdir}/locale'
localstatedir='${prefix}/var'
mandir='${datarootdir}/man'
mkdir_p='/bin/mkdir -p'
oldincludedir='/usr/include'
pdfdir='${docdir}'
prefix='/usr/local'
program_transform_name='s,x,x,'
psdir='${docdir}'
sbindir='${exec_prefix}/sbin'
sharedstatedir='${prefix}/com'
sysconfdir='${prefix}/etc'
target_alias=''

## ----------- ##
## confdefs.h. ##
## ----------- ##

/* confdefs.h */
#define PACKAGE_NAME "ags"
#define PACKAGE_TARNAME "ags"
#define PACKAGE_VERSION "0.4.0-beta"
#define PACKAGE_STRING "ags 0.4.0-beta"
#define PACKAGE_BUGREPORT "weedlight@gmail.com"
#define PACKAGE_URL ""
#define PACKAGE "ags"
#define VERSION "0.3.99-SNAPSHOT"
#define HAVE_LIBDL 1
#define HAVE_LIBFONTCONFIG 1
#define HAVE_LIBFREETYPE 1
#define HAVE_LIBM 1
#define HAVE_LIBRT 1
#define AGS_LINUX_SIGNALS 1
#define STDC_HEADERS 1
#define HAVE_SYS_TYPES_H 1
#define HAVE_SYS_STAT_H 1
#define HAVE_STDLIB_H 1
#define HAVE_STRING_H 1
#define HAVE_MEMORY_H 1
#define HAVE_STRINGS_H 1
#define HAVE_INTTYPES_H 1
#define HAVE_STDINT_H 1
#define HAVE_UNISTD_H 1
#define HAVE_FCNTL_H 1
#define HAVE_STDLIB_H 1
#define HAVE_STRING_H 1
#define HAVE_SYS_IOCTL_H 1
#define HAVE_UNISTD_H 1
#define HAVE_STDLIB_H 1
#define HAVE_MALLOC 1
#define HAVE_STDLIB_H 1
#define HAVE_REALLOC 1
#define HAVE_CLOCK_GETTIME 1
#define HAVE_FLOOR 1
#define HAVE_MEMSET 1
#define HAVE_STRTOL 1
#define HAVE_STRTOUL 1

configure: exit 0

## ---------------------- ##
## Running config.status. ##
## ---------------------- ##

This file was extended by ags config.status 0.4.0-beta, which was
generated by GNU Autoconf 2.69.  Invocation command line was

  CONFIG_FILES    = 
  CONFIG_HEADERS  = 
  CONFIG_LINKS    = 
  CONFIG_COMMANDS = 
  $ ./config.status 

on Device-03036C

config.status:898: creating Makefile
config.status:898: creating config.h
config.status:1079: config.h is unchanged
config.status:1127: executing depfiles commands
